<?xml version="1.0" encoding="UTF-8"?>
<!-- Generated by org.testng.reporters.JUnitXMLReporter -->
<testsuite hostname="lenovo-PC" ignored="0" name="Default test" tests="5" failures="0" timestamp="17 Mar 2018 18:34:06 GMT" time="63.905" errors="0">
  <testcase name="loginFlipkart" time="8.007" classname="newtest.Flipkart"/>
  <testcase name="searchForProduct" time="1.115" classname="newtest.Flipkart"/>
  <testcase name="selectProduct" time="13.989" classname="newtest.Flipkart"/>
  <testcase name="addToCart" time="1.876" classname="newtest.Flipkart"/>
  <testcase name="removeFromCart" time="3.212" classname="newtest.Flipkart"/>
</testsuite> <!-- Default test -->
